<?xml version="1.0" encoding="UTF-8"?>
<testsuite xmlns:xsi="http://www.w3.org/2001/XMLSchema-instance" xsi:noNamespaceSchemaLocation="https://maven.apache.org/surefire/maven-surefire-plugin/xsd/surefire-test-report-3.0.xsd" version="3.0" name="AppTests" time="0.27" tests="13" errors="0" skipped="0" failures="0">
  <properties>
[...]
</properties>
  <testcase name="testAdd_WhenLeftListContainsNegativeNumber_ShouldThrowException" classname="AppTests" time="0.04"/>
  <testcase name="testElementosNulosInternos" classname="AppTests" time="0.01"/>
  <testcase name="shouldReturnCorrectResult(List, List, List)[1]" classname="AppTests" time="0.097"/>
  <testcase name="shouldReturnCorrectResult(List, List, List)[2]" classname="AppTests" time="0.001"/>
  <testcase name="shouldReturnCorrectResult(List, List, List)[3]" classname="AppTests" time="0.003"/>
  <testcase name="shouldReturnCorrectResult(List, List, List)[4]" classname="AppTests" time="0.001"/>
  <testcase name="shouldReturnCorrectResult(List, List, List)[5]" classname="AppTests" time="0.002"/>
  <testcase name="shouldReturnCorrectResult(List, List, List)[6]" classname="AppTests" time="0.002"/>
  <testcase name="shouldReturnCorrectResult(List, List, List)[7]" classname="AppTests" time="0.001"/>
  <testcase name="shouldReturnCorrectResult(List, List, List)[8]" classname="AppTests" time="0.001"/>
  <testcase name="shouldReturnCorrectResult(List, List, List)[9]" classname="AppTests" time="0.002"/>
  <testcase name="shouldReturnCorrectResult(List, List, List)[10]" classname="AppTests" time="0.001"/>
  <testcase name="shouldReturnCorrectResult(List, List, List)[11]" classname="AppTests" time="0.001"/>
</testsuite>